<?xml version="1.0" encoding="UTF-8"?>
<robot generator="Robot 7.0 (Python 3.12.3 on linux)" generated="2024-05-16T00:12:49.796592" rpa="false" schemaversion="5">
<suite id="s1" name="Doctor" source="/home/nano/Documents/u-projects/proyecto-pruebas-sw/tests/backend/doctor">
<suite id="s1-s1" name="Delete Doctor" source="/home/nano/Documents/u-projects/proyecto-pruebas-sw/tests/backend/doctor/delete_doctor.robot">
<test id="s1-s1-t1" name="test-api-29 DELETE an existing doctor" line="11">
<kw name="DELETE" owner="REST">
<arg>/doctor/5</arg>
<tag>http</tag>
<doc>*Sends a DELETE request to the endpoint.*</doc>
<status status="PASS" start="2024-05-16T00:12:49.964724" elapsed="0.042326"/>
</kw>
<kw name="Integer" owner="REST">
<arg>response status</arg>
<arg>200</arg>
<tag>assertions</tag>
<doc>*Asserts the field as JSON integer.*</doc>
<status status="PASS" start="2024-05-16T00:12:50.007330" elapsed="0.001010"/>
</kw>
<status status="PASS" start="2024-05-16T00:12:49.964205" elapsed="0.044344"/>
</test>
<test id="s1-s1-t2" name="test-api-30 DELETE a non-existing doctor" line="15">
<kw name="DELETE" owner="REST">
<arg>/doctor/100</arg>
<tag>http</tag>
<doc>*Sends a DELETE request to the endpoint.*</doc>
<status status="PASS" start="2024-05-16T00:12:50.009131" elapsed="0.005615"/>
</kw>
<kw name="Integer" owner="REST">
<arg>response status</arg>
<arg>404</arg>
<tag>assertions</tag>
<doc>*Asserts the field as JSON integer.*</doc>
<status status="PASS" start="2024-05-16T00:12:50.014957" elapsed="0.000726"/>
</kw>
<kw name="String" owner="REST">
<arg>response body error</arg>
<arg>Doctor not found</arg>
<tag>assertions</tag>
<doc>*Asserts the field as JSON string.*</doc>
<status status="PASS" start="2024-05-16T00:12:50.015820" elapsed="0.000474"/>
</kw>
<status status="PASS" start="2024-05-16T00:12:50.008786" elapsed="0.007658"/>
</test>
<doc>Test cases for the DELETE /doctor endpoint</doc>
<status status="PASS" start="2024-05-16T00:12:49.817653" elapsed="0.199158"/>
</suite>
<suite id="s1-s2" name="Get Doctor" source="/home/nano/Documents/u-projects/proyecto-pruebas-sw/tests/backend/doctor/get_doctor.robot">
<test id="s1-s2-t1" name="test-api-9 Get an existing doctor by id" line="10">
<kw name="GET" owner="REST">
<arg>/doctor/1</arg>
<tag>http</tag>
<doc>*Sends a GET request to the endpoint.*</doc>
<status status="PASS" start="2024-05-16T00:12:50.019057" elapsed="0.023656"/>
</kw>
<kw name="Object" owner="REST">
<arg>response body</arg>
<tag>assertions</tag>
<doc>*Asserts the field as JSON object.*</doc>
<status status="PASS" start="2024-05-16T00:12:50.042909" elapsed="0.010214"/>
</kw>
<kw name="String" owner="REST">
<arg>response body name</arg>
<arg>${data}[doctors][0][name]</arg>
<tag>assertions</tag>
<doc>*Asserts the field as JSON string.*</doc>
<status status="PASS" start="2024-05-16T00:12:50.053287" elapsed="0.000548"/>
</kw>
<kw name="String" owner="REST">
<arg>response body lastname</arg>
<arg>${data}[doctors][0][lastname]</arg>
<tag>assertions</tag>
<doc>*Asserts the field as JSON string.*</doc>
<status status="PASS" start="2024-05-16T00:12:50.053974" elapsed="0.000504"/>
</kw>
<kw name="String" owner="REST">
<arg>response body email</arg>
<arg>${data}[doctors][0][email]</arg>
<tag>assertions</tag>
<doc>*Asserts the field as JSON string.*</doc>
<status status="PASS" start="2024-05-16T00:12:50.054616" elapsed="0.000716"/>
</kw>
<kw name="String" owner="REST">
<arg>response body phone</arg>
<arg>${data}[doctors][0][phone]</arg>
<tag>assertions</tag>
<doc>*Asserts the field as JSON string.*</doc>
<status status="PASS" start="2024-05-16T00:12:50.055483" elapsed="0.000681"/>
</kw>
<kw name="String" owner="REST">
<arg>response body birthdate</arg>
<arg>${data}[doctors][0][birthdate]</arg>
<tag>assertions</tag>
<doc>*Asserts the field as JSON string.*</doc>
<status status="PASS" start="2024-05-16T00:12:50.056293" elapsed="0.000488"/>
</kw>
<kw name="String" owner="REST">
<arg>response body city</arg>
<arg>${data}[doctors][0][city]</arg>
<tag>assertions</tag>
<doc>*Asserts the field as JSON string.*</doc>
<status status="PASS" start="2024-05-16T00:12:50.056914" elapsed="0.000474"/>
</kw>
<status status="PASS" start="2024-05-16T00:12:50.018792" elapsed="0.038729"/>
</test>
<test id="s1-s2-t2" name="test-api-10 Get a non-existing doctor by id" line="22">
<kw name="GET" owner="REST">
<arg>/doctor/1000</arg>
<tag>http</tag>
<doc>*Sends a GET request to the endpoint.*</doc>
<status status="PASS" start="2024-05-16T00:12:50.057964" elapsed="0.005560"/>
</kw>
<kw name="Object" owner="REST">
<arg>response body</arg>
<tag>assertions</tag>
<doc>*Asserts the field as JSON object.*</doc>
<status status="PASS" start="2024-05-16T00:12:50.063725" elapsed="0.001213"/>
</kw>
<kw name="String" owner="REST">
<arg>response body error</arg>
<arg>Doctor not found</arg>
<tag>assertions</tag>
<doc>*Asserts the field as JSON string.*</doc>
<status status="PASS" start="2024-05-16T00:12:50.065078" elapsed="0.000478"/>
</kw>
<kw name="Integer" owner="REST">
<arg>response status</arg>
<arg>404</arg>
<tag>assertions</tag>
<doc>*Asserts the field as JSON integer.*</doc>
<status status="PASS" start="2024-05-16T00:12:50.065686" elapsed="0.000473"/>
</kw>
<status status="PASS" start="2024-05-16T00:12:50.057709" elapsed="0.008593"/>
</test>
<doc>Test cases for the GET /doctor/{id} endpoint</doc>
<status status="PASS" start="2024-05-16T00:12:50.017218" elapsed="0.049362"/>
</suite>
<suite id="s1-s3" name="Get Doctors" source="/home/nano/Documents/u-projects/proyecto-pruebas-sw/tests/backend/doctor/get_doctors.robot">
<test id="s1-s3-t1" name="test-api-1 Get all doctors" line="11">
<kw name="Create Session" owner="RequestsLibrary">
<msg time="2024-05-16T00:12:50.079440" level="INFO">Creating Session using : alias=medical_directory, url=http://localhost:8000, headers={},                     cookies={}, auth=None, timeout=None, proxies=None, verify=False,                     debug=0 </msg>
<arg>medical_directory</arg>
<arg>${api_url}</arg>
<doc>Create Session: create a HTTP session to a server</doc>
<status status="PASS" start="2024-05-16T00:12:50.079310" elapsed="0.000268"/>
</kw>
<kw name="GET On Session" owner="RequestsLibrary">
<msg time="2024-05-16T00:12:50.087667" level="INFO">GET Request : url=http://localhost:8000/doctor 
 path_url=/doctor 
 headers={'User-Agent': 'python-requests/2.31.0', 'Accept-Encoding': 'gzip, deflate', 'Accept': '*/*', 'Connection': 'keep-alive'} 
 body=None 
 </msg>
<msg time="2024-05-16T00:12:50.087791" level="INFO">GET Response : url=http://localhost:8000/doctor 
 status=200, reason=OK 
 headers={'date': 'Thu, 16 May 2024 04:12:49 GMT', 'server': 'uvicorn', 'content-length': '965', 'content-type': 'application/json'} 
 body=[{"name":"JUAN CARLOS","lastname":"GONZÁLEZ PÉREZ","rut":"11.111.111-1","email":"JUAN.CARLOS@EXAMPLE.COM","phone":"987654321","birthdate":"1975-08-12","city":"VALPARAÍSO","id":1,"specialties":[{"name":"MEDICINA GENERAL","id":11}]},{"name":"MARÍA ELENA","lastname":"SÁNCHEZ RUIZ","rut":"22.222.222-2","email":"MARIA.ELENA@EXAMPLE.COM","phone":"123456789","birthdate":"1980-05-25","city":"SANTIAGO","id":2,"specialties":[{"name":"CARDIOLOGÍA","id":1},{"name":"OFTALMOLOGÍA","id":5}]},{"name":"CARLOS ANDRÉS","lastname":"MORALES TORO","rut":"33.333.333-3","email":"CARLOS.ANDRES@EXAMPLE.COM","phone":"456789123","birthdate":"1983-12-10","city":"CONCEPCIÓN","id":3,"specialties":[{"name":"GINECOLOGÍA","id":3}]},{"name":"ANA MARÍA","lastname":"ROJAS ARAYA","rut":"44.444.444-4","email":"ANA.MARIA@EXAMPLE.COM","phone":"789123456","birthdate":"1985-04-20","city":"ARICA","id":4,"specialties":[{"name":"TRAUMATOLOGÍA","id":4},{"name":"PSIQUIATRÍA","id":8}]}] 
 </msg>
<msg time="2024-05-16T00:12:50.087943" level="INFO">${response} = &lt;Response [200]&gt;</msg>
<var>${response}</var>
<arg>medical_directory</arg>
<arg>/doctor</arg>
<doc>Sends a GET request on a previously created HTTP Session.</doc>
<status status="PASS" start="2024-05-16T00:12:50.079716" elapsed="0.008258"/>
</kw>
<kw name="Should Be Equal As Strings" owner="BuiltIn">
<msg time="2024-05-16T00:12:50.088761" level="INFO">Argument types are:
&lt;class 'int'&gt;
&lt;class 'str'&gt;</msg>
<arg>${response.status_code}</arg>
<arg>200</arg>
<doc>Fails if objects are unequal after converting them to strings.</doc>
<status status="PASS" start="2024-05-16T00:12:50.088195" elapsed="0.000885"/>
</kw>
<kw name="Should Be True" owner="BuiltIn">
<arg>${response.json()}</arg>
<doc>Fails if the given condition is not true.</doc>
<status status="PASS" start="2024-05-16T00:12:50.089195" elapsed="0.000385"/>
</kw>
<tag>get_all_doctors</tag>
<status status="PASS" start="2024-05-16T00:12:50.078889" elapsed="0.010801"/>
</test>
<test id="s1-s3-t2" name="test-api-2 Get doctors by specialty" line="18">
<kw name="Create Session" owner="RequestsLibrary">
<msg time="2024-05-16T00:12:50.090214" level="INFO">Creating Session using : alias=medical_directory, url=http://localhost:8000, headers={},                     cookies={}, auth=None, timeout=None, proxies=None, verify=False,                     debug=0 </msg>
<arg>medical_directory</arg>
<arg>${api_url}</arg>
<doc>Create Session: create a HTTP session to a server</doc>
<status status="PASS" start="2024-05-16T00:12:50.090111" elapsed="0.000224"/>
</kw>
<kw name="GET On Session" owner="RequestsLibrary">
<msg time="2024-05-16T00:12:50.097327" level="INFO">GET Request : url=http://localhost:8000/doctor?specialty_id=1 
 path_url=/doctor?specialty_id=1 
 headers={'User-Agent': 'python-requests/2.31.0', 'Accept-Encoding': 'gzip, deflate', 'Accept': '*/*', 'Connection': 'keep-alive'} 
 body=None 
 </msg>
<msg time="2024-05-16T00:12:50.097428" level="INFO">GET Response : url=http://localhost:8000/doctor?specialty_id=1 
 status=200, reason=OK 
 headers={'date': 'Thu, 16 May 2024 04:12:49 GMT', 'server': 'uvicorn', 'content-length': '256', 'content-type': 'application/json'} 
 body=[{"name":"MARÍA ELENA","lastname":"SÁNCHEZ RUIZ","rut":"22.222.222-2","email":"MARIA.ELENA@EXAMPLE.COM","phone":"123456789","birthdate":"1980-05-25","city":"SANTIAGO","id":2,"specialties":[{"name":"CARDIOLOGÍA","id":1},{"name":"OFTALMOLOGÍA","id":5}]}] 
 </msg>
<msg time="2024-05-16T00:12:50.097531" level="INFO">${response} = &lt;Response [200]&gt;</msg>
<var>${response}</var>
<arg>medical_directory</arg>
<arg>url=/doctor?specialty_id=1</arg>
<doc>Sends a GET request on a previously created HTTP Session.</doc>
<status status="PASS" start="2024-05-16T00:12:50.090468" elapsed="0.007084"/>
</kw>
<kw name="Should Be Equal As Strings" owner="BuiltIn">
<msg time="2024-05-16T00:12:50.098111" level="INFO">Argument types are:
&lt;class 'int'&gt;
&lt;class 'str'&gt;</msg>
<arg>${response.status_code}</arg>
<arg>200</arg>
<doc>Fails if objects are unequal after converting them to strings.</doc>
<status status="PASS" start="2024-05-16T00:12:50.097713" elapsed="0.000441"/>
</kw>
<kw name="Should Be True" owner="BuiltIn">
<arg>${response.json()}</arg>
<doc>Fails if the given condition is not true.</doc>
<status status="PASS" start="2024-05-16T00:12:50.098259" elapsed="0.000316"/>
</kw>
<tag>get_doctors_by_specialty</tag>
<status status="PASS" start="2024-05-16T00:12:50.089843" elapsed="0.008835"/>
</test>
<test id="s1-s3-t3" name="test-api-3 Get doctors by name" line="25">
<kw name="Create Session" owner="RequestsLibrary">
<msg time="2024-05-16T00:12:50.099166" level="INFO">Creating Session using : alias=medical_directory, url=http://localhost:8000, headers={},                     cookies={}, auth=None, timeout=None, proxies=None, verify=False,                     debug=0 </msg>
<arg>medical_directory</arg>
<arg>${api_url}</arg>
<doc>Create Session: create a HTTP session to a server</doc>
<status status="PASS" start="2024-05-16T00:12:50.099069" elapsed="0.000205"/>
</kw>
<kw name="GET On Session" owner="RequestsLibrary">
<msg time="2024-05-16T00:12:50.105966" level="INFO">GET Request : url=http://localhost:8000/doctor?doctor_name=Juan 
 path_url=/doctor?doctor_name=Juan 
 headers={'User-Agent': 'python-requests/2.31.0', 'Accept-Encoding': 'gzip, deflate', 'Accept': '*/*', 'Connection': 'keep-alive'} 
 body=None 
 </msg>
<msg time="2024-05-16T00:12:50.106065" level="INFO">GET Response : url=http://localhost:8000/doctor?doctor_name=Juan 
 status=200, reason=OK 
 headers={'date': 'Thu, 16 May 2024 04:12:49 GMT', 'server': 'uvicorn', 'content-length': '234', 'content-type': 'application/json'} 
 body=[{"name":"JUAN CARLOS","lastname":"GONZÁLEZ PÉREZ","rut":"11.111.111-1","email":"JUAN.CARLOS@EXAMPLE.COM","phone":"987654321","birthdate":"1975-08-12","city":"VALPARAÍSO","id":1,"specialties":[{"name":"MEDICINA GENERAL","id":11}]}] 
 </msg>
<msg time="2024-05-16T00:12:50.106239" level="INFO">${response} = &lt;Response [200]&gt;</msg>
<var>${response}</var>
<arg>medical_directory</arg>
<arg>url=/doctor?doctor_name=Juan</arg>
<doc>Sends a GET request on a previously created HTTP Session.</doc>
<status status="PASS" start="2024-05-16T00:12:50.099375" elapsed="0.006905"/>
</kw>
<kw name="Should Be Equal As Strings" owner="BuiltIn">
<msg time="2024-05-16T00:12:50.107232" level="INFO">Argument types are:
&lt;class 'int'&gt;
&lt;class 'str'&gt;</msg>
<arg>${response.status_code}</arg>
<arg>200</arg>
<doc>Fails if objects are unequal after converting them to strings.</doc>
<status status="PASS" start="2024-05-16T00:12:50.106545" elapsed="0.000731"/>
</kw>
<kw name="Should Be True" owner="BuiltIn">
<arg>${response.json()}</arg>
<doc>Fails if the given condition is not true.</doc>
<status status="PASS" start="2024-05-16T00:12:50.107378" elapsed="0.000310"/>
</kw>
<tag>get_doctors_by_name</tag>
<status status="PASS" start="2024-05-16T00:12:50.098826" elapsed="0.008960"/>
</test>
<test id="s1-s3-t4" name="test-api-4 Get doctors by city" line="32">
<kw name="Create Session" owner="RequestsLibrary">
<msg time="2024-05-16T00:12:50.108400" level="INFO">Creating Session using : alias=medical_directory, url=http://localhost:8000, headers={},                     cookies={}, auth=None, timeout=None, proxies=None, verify=False,                     debug=0 </msg>
<arg>medical_directory</arg>
<arg>${api_url}</arg>
<doc>Create Session: create a HTTP session to a server</doc>
<status status="PASS" start="2024-05-16T00:12:50.108164" elapsed="0.000338"/>
</kw>
<kw name="GET On Session" owner="RequestsLibrary">
<msg time="2024-05-16T00:12:50.113838" level="INFO">GET Request : url=http://localhost:8000/doctor?doctor_city=valp 
 path_url=/doctor?doctor_city=valp 
 headers={'User-Agent': 'python-requests/2.31.0', 'Accept-Encoding': 'gzip, deflate', 'Accept': '*/*', 'Connection': 'keep-alive'} 
 body=None 
 </msg>
<msg time="2024-05-16T00:12:50.113921" level="INFO">GET Response : url=http://localhost:8000/doctor?doctor_city=valp 
 status=200, reason=OK 
 headers={'date': 'Thu, 16 May 2024 04:12:49 GMT', 'server': 'uvicorn', 'content-length': '234', 'content-type': 'application/json'} 
 body=[{"name":"JUAN CARLOS","lastname":"GONZÁLEZ PÉREZ","rut":"11.111.111-1","email":"JUAN.CARLOS@EXAMPLE.COM","phone":"987654321","birthdate":"1975-08-12","city":"VALPARAÍSO","id":1,"specialties":[{"name":"MEDICINA GENERAL","id":11}]}] 
 </msg>
<msg time="2024-05-16T00:12:50.114044" level="INFO">${response} = &lt;Response [200]&gt;</msg>
<var>${response}</var>
<arg>medical_directory</arg>
<arg>url=/doctor?doctor_city=valp</arg>
<doc>Sends a GET request on a previously created HTTP Session.</doc>
<status status="PASS" start="2024-05-16T00:12:50.108605" elapsed="0.005466"/>
</kw>
<kw name="Should Be Equal As Strings" owner="BuiltIn">
<msg time="2024-05-16T00:12:50.114557" level="INFO">Argument types are:
&lt;class 'int'&gt;
&lt;class 'str'&gt;</msg>
<arg>${response.status_code}</arg>
<arg>200</arg>
<doc>Fails if objects are unequal after converting them to strings.</doc>
<status status="PASS" start="2024-05-16T00:12:50.114229" elapsed="0.000367"/>
</kw>
<kw name="Should Be True" owner="BuiltIn">
<arg>${response.json()}</arg>
<doc>Fails if the given condition is not true.</doc>
<status status="PASS" start="2024-05-16T00:12:50.114697" elapsed="0.000340"/>
</kw>
<tag>get_doctors_by_city</tag>
<status status="PASS" start="2024-05-16T00:12:50.107936" elapsed="0.007203"/>
</test>
<test id="s1-s3-t5" name="test-api-5 Get doctors by specialty and name" line="39">
<kw name="Create Session" owner="RequestsLibrary">
<msg time="2024-05-16T00:12:50.115709" level="INFO">Creating Session using : alias=medical_directory, url=http://localhost:8000, headers={},                     cookies={}, auth=None, timeout=None, proxies=None, verify=False,                     debug=0 </msg>
<arg>medical_directory</arg>
<arg>${api_url}</arg>
<doc>Create Session: create a HTTP session to a server</doc>
<status status="PASS" start="2024-05-16T00:12:50.115608" elapsed="0.000213"/>
</kw>
<kw name="GET On Session" owner="RequestsLibrary">
<msg time="2024-05-16T00:12:50.121800" level="INFO">GET Request : url=http://localhost:8000/doctor?specialty_id=11&amp;doctor_name=Juan 
 path_url=/doctor?specialty_id=11&amp;doctor_name=Juan 
 headers={'User-Agent': 'python-requests/2.31.0', 'Accept-Encoding': 'gzip, deflate', 'Accept': '*/*', 'Connection': 'keep-alive'} 
 body=None 
 </msg>
<msg time="2024-05-16T00:12:50.121862" level="INFO">GET Response : url=http://localhost:8000/doctor?specialty_id=11&amp;doctor_name=Juan 
 status=200, reason=OK 
 headers={'date': 'Thu, 16 May 2024 04:12:49 GMT', 'server': 'uvicorn', 'content-length': '234', 'content-type': 'application/json'} 
 body=[{"name":"JUAN CARLOS","lastname":"GONZÁLEZ PÉREZ","rut":"11.111.111-1","email":"JUAN.CARLOS@EXAMPLE.COM","phone":"987654321","birthdate":"1975-08-12","city":"VALPARAÍSO","id":1,"specialties":[{"name":"MEDICINA GENERAL","id":11}]}] 
 </msg>
<msg time="2024-05-16T00:12:50.121972" level="INFO">${response} = &lt;Response [200]&gt;</msg>
<var>${response}</var>
<arg>medical_directory</arg>
<arg>url=/doctor?specialty_id=11&amp;doctor_name=Juan</arg>
<doc>Sends a GET request on a previously created HTTP Session.</doc>
<status status="PASS" start="2024-05-16T00:12:50.115935" elapsed="0.006056"/>
</kw>
<kw name="Should Be Equal As Strings" owner="BuiltIn">
<msg time="2024-05-16T00:12:50.122550" level="INFO">Argument types are:
&lt;class 'int'&gt;
&lt;class 'str'&gt;</msg>
<arg>${response.status_code}</arg>
<arg>200</arg>
<doc>Fails if objects are unequal after converting them to strings.</doc>
<status status="PASS" start="2024-05-16T00:12:50.122147" elapsed="0.000447"/>
</kw>
<kw name="Should Be True" owner="BuiltIn">
<arg>${response.json()}</arg>
<doc>Fails if the given condition is not true.</doc>
<status status="PASS" start="2024-05-16T00:12:50.122702" elapsed="0.000329"/>
</kw>
<tag>get_doctors_by_specialty_and_name</tag>
<status status="PASS" start="2024-05-16T00:12:50.115298" elapsed="0.007834"/>
</test>
<test id="s1-s3-t6" name="test-api-6 Get doctors by specialty and city" line="46">
<kw name="Create Session" owner="RequestsLibrary">
<msg time="2024-05-16T00:12:50.123630" level="INFO">Creating Session using : alias=medical_directory, url=http://localhost:8000, headers={},                     cookies={}, auth=None, timeout=None, proxies=None, verify=False,                     debug=0 </msg>
<arg>medical_directory</arg>
<arg>${api_url}</arg>
<doc>Create Session: create a HTTP session to a server</doc>
<status status="PASS" start="2024-05-16T00:12:50.123533" elapsed="0.000202"/>
</kw>
<kw name="GET On Session" owner="RequestsLibrary">
<msg time="2024-05-16T00:12:50.129518" level="INFO">GET Request : url=http://localhost:8000/doctor?specialty_id=11&amp;doctor_city=Valp 
 path_url=/doctor?specialty_id=11&amp;doctor_city=Valp 
 headers={'User-Agent': 'python-requests/2.31.0', 'Accept-Encoding': 'gzip, deflate', 'Accept': '*/*', 'Connection': 'keep-alive'} 
 body=None 
 </msg>
<msg time="2024-05-16T00:12:50.129594" level="INFO">GET Response : url=http://localhost:8000/doctor?specialty_id=11&amp;doctor_city=Valp 
 status=200, reason=OK 
 headers={'date': 'Thu, 16 May 2024 04:12:49 GMT', 'server': 'uvicorn', 'content-length': '234', 'content-type': 'application/json'} 
 body=[{"name":"JUAN CARLOS","lastname":"GONZÁLEZ PÉREZ","rut":"11.111.111-1","email":"JUAN.CARLOS@EXAMPLE.COM","phone":"987654321","birthdate":"1975-08-12","city":"VALPARAÍSO","id":1,"specialties":[{"name":"MEDICINA GENERAL","id":11}]}] 
 </msg>
<msg time="2024-05-16T00:12:50.129704" level="INFO">${response} = &lt;Response [200]&gt;</msg>
<var>${response}</var>
<arg>medical_directory</arg>
<arg>url=/doctor?specialty_id=11&amp;doctor_city=Valp</arg>
<doc>Sends a GET request on a previously created HTTP Session.</doc>
<status status="PASS" start="2024-05-16T00:12:50.123855" elapsed="0.005874"/>
</kw>
<kw name="Should Be Equal As Strings" owner="BuiltIn">
<msg time="2024-05-16T00:12:50.130402" level="INFO">Argument types are:
&lt;class 'int'&gt;
&lt;class 'str'&gt;</msg>
<arg>${response.status_code}</arg>
<arg>200</arg>
<doc>Fails if objects are unequal after converting them to strings.</doc>
<status status="PASS" start="2024-05-16T00:12:50.129924" elapsed="0.000533"/>
</kw>
<kw name="Should Be True" owner="BuiltIn">
<arg>${response.json()}</arg>
<doc>Fails if the given condition is not true.</doc>
<status status="PASS" start="2024-05-16T00:12:50.130606" elapsed="0.000443"/>
</kw>
<tag>get_doctors_by_specialty_and_city</tag>
<status status="PASS" start="2024-05-16T00:12:50.123282" elapsed="0.007867"/>
</test>
<test id="s1-s3-t7" name="test-api-7 Get doctors by name and city" line="53">
<kw name="Create Session" owner="RequestsLibrary">
<msg time="2024-05-16T00:12:50.131639" level="INFO">Creating Session using : alias=medical_directory, url=http://localhost:8000, headers={},                     cookies={}, auth=None, timeout=None, proxies=None, verify=False,                     debug=0 </msg>
<arg>medical_directory</arg>
<arg>${api_url}</arg>
<doc>Create Session: create a HTTP session to a server</doc>
<status status="PASS" start="2024-05-16T00:12:50.131541" elapsed="0.000205"/>
</kw>
<kw name="GET On Session" owner="RequestsLibrary">
<msg time="2024-05-16T00:12:50.137753" level="INFO">GET Request : url=http://localhost:8000/doctor?doctor_name=Juan&amp;doctor_city=Valp 
 path_url=/doctor?doctor_name=Juan&amp;doctor_city=Valp 
 headers={'User-Agent': 'python-requests/2.31.0', 'Accept-Encoding': 'gzip, deflate', 'Accept': '*/*', 'Connection': 'keep-alive'} 
 body=None 
 </msg>
<msg time="2024-05-16T00:12:50.137813" level="INFO">GET Response : url=http://localhost:8000/doctor?doctor_name=Juan&amp;doctor_city=Valp 
 status=200, reason=OK 
 headers={'date': 'Thu, 16 May 2024 04:12:49 GMT', 'server': 'uvicorn', 'content-length': '234', 'content-type': 'application/json'} 
 body=[{"name":"JUAN CARLOS","lastname":"GONZÁLEZ PÉREZ","rut":"11.111.111-1","email":"JUAN.CARLOS@EXAMPLE.COM","phone":"987654321","birthdate":"1975-08-12","city":"VALPARAÍSO","id":1,"specialties":[{"name":"MEDICINA GENERAL","id":11}]}] 
 </msg>
<msg time="2024-05-16T00:12:50.137923" level="INFO">${response} = &lt;Response [200]&gt;</msg>
<var>${response}</var>
<arg>medical_directory</arg>
<arg>url=/doctor?doctor_name=Juan&amp;doctor_city=Valp</arg>
<doc>Sends a GET request on a previously created HTTP Session.</doc>
<status status="PASS" start="2024-05-16T00:12:50.131851" elapsed="0.006095"/>
</kw>
<kw name="Should Be Equal As Strings" owner="BuiltIn">
<msg time="2024-05-16T00:12:50.138538" level="INFO">Argument types are:
&lt;class 'int'&gt;
&lt;class 'str'&gt;</msg>
<arg>${response.status_code}</arg>
<arg>200</arg>
<doc>Fails if objects are unequal after converting them to strings.</doc>
<status status="PASS" start="2024-05-16T00:12:50.138101" elapsed="0.000477"/>
</kw>
<kw name="Should Be True" owner="BuiltIn">
<arg>${response.json()}</arg>
<doc>Fails if the given condition is not true.</doc>
<status status="PASS" start="2024-05-16T00:12:50.138681" elapsed="0.000340"/>
</kw>
<tag>get_doctors_by_name_and_city</tag>
<status status="PASS" start="2024-05-16T00:12:50.131303" elapsed="0.007837"/>
</test>
<test id="s1-s3-t8" name="test-api-8 Get doctors by specialty, name and city" line="60">
<kw name="Create Session" owner="RequestsLibrary">
<msg time="2024-05-16T00:12:50.139731" level="INFO">Creating Session using : alias=medical_directory, url=http://localhost:8000, headers={},                     cookies={}, auth=None, timeout=None, proxies=None, verify=False,                     debug=0 </msg>
<arg>medical_directory</arg>
<arg>${api_url}</arg>
<doc>Create Session: create a HTTP session to a server</doc>
<status status="PASS" start="2024-05-16T00:12:50.139631" elapsed="0.000263"/>
</kw>
<kw name="GET On Session" owner="RequestsLibrary">
<msg time="2024-05-16T00:12:50.146170" level="INFO">GET Request : url=http://localhost:8000/doctor?specialty_id=11&amp;doctor_name=Juan&amp;doctor_city=valp 
 path_url=/doctor?specialty_id=11&amp;doctor_name=Juan&amp;doctor_city=valp 
 headers={'User-Agent': 'python-requests/2.31.0', 'Accept-Encoding': 'gzip, deflate', 'Accept': '*/*', 'Connection': 'keep-alive'} 
 body=None 
 </msg>
<msg time="2024-05-16T00:12:50.146280" level="INFO">GET Response : url=http://localhost:8000/doctor?specialty_id=11&amp;doctor_name=Juan&amp;doctor_city=valp 
 status=200, reason=OK 
 headers={'date': 'Thu, 16 May 2024 04:12:49 GMT', 'server': 'uvicorn', 'content-length': '234', 'content-type': 'application/json'} 
 body=[{"name":"JUAN CARLOS","lastname":"GONZÁLEZ PÉREZ","rut":"11.111.111-1","email":"JUAN.CARLOS@EXAMPLE.COM","phone":"987654321","birthdate":"1975-08-12","city":"VALPARAÍSO","id":1,"specialties":[{"name":"MEDICINA GENERAL","id":11}]}] 
 </msg>
<msg time="2024-05-16T00:12:50.146449" level="INFO">${response} = &lt;Response [200]&gt;</msg>
<var>${response}</var>
<arg>medical_directory</arg>
<arg>url=/doctor?specialty_id=11&amp;doctor_name=Juan&amp;doctor_city=valp</arg>
<doc>Sends a GET request on a previously created HTTP Session.</doc>
<status status="PASS" start="2024-05-16T00:12:50.140012" elapsed="0.006483"/>
</kw>
<kw name="Should Be Equal As Strings" owner="BuiltIn">
<msg time="2024-05-16T00:12:50.147118" level="INFO">Argument types are:
&lt;class 'int'&gt;
&lt;class 'str'&gt;</msg>
<arg>${response.status_code}</arg>
<arg>200</arg>
<doc>Fails if objects are unequal after converting them to strings.</doc>
<status status="PASS" start="2024-05-16T00:12:50.146726" elapsed="0.000443"/>
</kw>
<kw name="Should Be True" owner="BuiltIn">
<arg>${response.json()}</arg>
<doc>Fails if the given condition is not true.</doc>
<status status="PASS" start="2024-05-16T00:12:50.147275" elapsed="0.000334"/>
</kw>
<tag>get_doctors_by_specialty_name_and_city</tag>
<status status="PASS" start="2024-05-16T00:12:50.139335" elapsed="0.008377"/>
</test>
<doc>Test cases for the GET /doctor endpoint</doc>
<status status="PASS" start="2024-05-16T00:12:50.066968" elapsed="0.080980"/>
</suite>
<suite id="s1-s4" name="Post Doctor" source="/home/nano/Documents/u-projects/proyecto-pruebas-sw/tests/backend/doctor/post_doctor.robot">
<test id="s1-s4-t1" name="test-api-11 POST a valid doctor" line="11">
<kw name="POST" owner="REST">
<arg>/doctor</arg>
<arg>${valid_doctor}</arg>
<tag>http</tag>
<doc>*Sends a POST request to the endpoint.*</doc>
<status status="PASS" start="2024-05-16T00:12:50.149979" elapsed="0.016130"/>
</kw>
<kw name="Integer" owner="REST">
<arg>response status</arg>
<arg>201</arg>
<tag>assertions</tag>
<doc>*Asserts the field as JSON integer.*</doc>
<status status="PASS" start="2024-05-16T00:12:50.166306" elapsed="0.000624"/>
</kw>
<kw name="String" owner="REST">
<arg>response body name</arg>
<arg>${valid_doctor}[name]</arg>
<tag>assertions</tag>
<doc>*Asserts the field as JSON string.*</doc>
<status status="PASS" start="2024-05-16T00:12:50.167055" elapsed="0.000507"/>
</kw>
<kw name="String" owner="REST">
<arg>response body lastname</arg>
<arg>${valid_doctor}[lastname]</arg>
<tag>assertions</tag>
<doc>*Asserts the field as JSON string.*</doc>
<status status="PASS" start="2024-05-16T00:12:50.167667" elapsed="0.000472"/>
</kw>
<kw name="String" owner="REST">
<arg>response body rut</arg>
<arg>${valid_doctor}[rut]</arg>
<tag>assertions</tag>
<doc>*Asserts the field as JSON string.*</doc>
<status status="PASS" start="2024-05-16T00:12:50.168239" elapsed="0.000445"/>
</kw>
<kw name="String" owner="REST">
<arg>response body city</arg>
<arg>${valid_doctor}[city]</arg>
<tag>assertions</tag>
<doc>*Asserts the field as JSON string.*</doc>
<status status="PASS" start="2024-05-16T00:12:50.168783" elapsed="0.000486"/>
</kw>
<status status="PASS" start="2024-05-16T00:12:50.149750" elapsed="0.019632"/>
</test>
<test id="s1-s4-t2" name="test-api-12 POST a doctor without name" line="19">
<kw name="POST" owner="REST">
<arg>/doctor</arg>
<arg>${doctor_without_name}</arg>
<tag>http</tag>
<doc>*Sends a POST request to the endpoint.*</doc>
<status status="PASS" start="2024-05-16T00:12:50.169787" elapsed="0.004152"/>
</kw>
<kw name="Integer" owner="REST">
<arg>response status</arg>
<arg>422</arg>
<tag>assertions</tag>
<doc>*Asserts the field as JSON integer.*</doc>
<status status="PASS" start="2024-05-16T00:12:50.174071" elapsed="0.000510"/>
</kw>
<status status="PASS" start="2024-05-16T00:12:50.169558" elapsed="0.005135"/>
</test>
<test id="s1-s4-t3" name="test-api-13 POST a doctor without lastname" line="23">
<kw name="POST" owner="REST">
<arg>/doctor</arg>
<arg>${doctor_without_lastname}</arg>
<tag>http</tag>
<doc>*Sends a POST request to the endpoint.*</doc>
<status status="PASS" start="2024-05-16T00:12:50.175064" elapsed="0.004470"/>
</kw>
<kw name="Integer" owner="REST">
<arg>response status</arg>
<arg>422</arg>
<tag>assertions</tag>
<doc>*Asserts the field as JSON integer.*</doc>
<status status="PASS" start="2024-05-16T00:12:50.179679" elapsed="0.000553"/>
</kw>
<status status="PASS" start="2024-05-16T00:12:50.174832" elapsed="0.005515"/>
</test>
<test id="s1-s4-t4" name="test-api-14 POST a doctor without rut" line="27">
<kw name="POST" owner="REST">
<arg>/doctor</arg>
<arg>${doctor_without_rut}</arg>
<tag>http</tag>
<doc>*Sends a POST request to the endpoint.*</doc>
<status status="PASS" start="2024-05-16T00:12:50.180712" elapsed="0.004212"/>
</kw>
<kw name="Integer" owner="REST">
<arg>response status</arg>
<arg>422</arg>
<tag>assertions</tag>
<doc>*Asserts the field as JSON integer.*</doc>
<status status="PASS" start="2024-05-16T00:12:50.185102" elapsed="0.000568"/>
</kw>
<status status="PASS" start="2024-05-16T00:12:50.180492" elapsed="0.005293"/>
</test>
<test id="s1-s4-t5" name="test-api-15 POST a doctor without city" line="31">
<kw name="POST" owner="REST">
<arg>/doctor</arg>
<arg>${doctor_without_city}</arg>
<tag>http</tag>
<doc>*Sends a POST request to the endpoint.*</doc>
<status status="PASS" start="2024-05-16T00:12:50.186173" elapsed="0.010958"/>
</kw>
<kw name="Integer" owner="REST">
<msg time="2024-05-16T00:12:50.198185" level="FAIL">201 is not one of [422]

Failed validating 'enum' in schema:
    {'enum': [422], 'type': 'integer'}

On instance:
    201</msg>
<arg>response status</arg>
<arg>422</arg>
<tag>assertions</tag>
<doc>*Asserts the field as JSON integer.*</doc>
<status status="FAIL" start="2024-05-16T00:12:50.197301" elapsed="0.001967">201 is not one of [422]

Failed validating 'enum' in schema:
    {'enum': [422], 'type': 'integer'}

On instance:
    201</status>
</kw>
<status status="FAIL" start="2024-05-16T00:12:50.185946" elapsed="0.013506">201 is not one of [422]

Failed validating 'enum' in schema:
    {'enum': [422], 'type': 'integer'}

On instance:
    201</status>
</test>
<test id="s1-s4-t6" name="test-api-16 POST a doctor without specialties" line="35">
<kw name="POST" owner="REST">
<arg>/doctor</arg>
<arg>${doctor_without_specialties}</arg>
<tag>http</tag>
<doc>*Sends a POST request to the endpoint.*</doc>
<status status="PASS" start="2024-05-16T00:12:50.199916" elapsed="0.008939"/>
</kw>
<kw name="Integer" owner="REST">
<msg time="2024-05-16T00:12:50.209732" level="FAIL">201 is not one of [422]

Failed validating 'enum' in schema:
    {'enum': [422], 'type': 'integer'}

On instance:
    201</msg>
<arg>response status</arg>
<arg>422</arg>
<tag>assertions</tag>
<doc>*Asserts the field as JSON integer.*</doc>
<status status="FAIL" start="2024-05-16T00:12:50.209018" elapsed="0.001189">201 is not one of [422]

Failed validating 'enum' in schema:
    {'enum': [422], 'type': 'integer'}

On instance:
    201</status>
</kw>
<status status="FAIL" start="2024-05-16T00:12:50.199621" elapsed="0.010811">201 is not one of [422]

Failed validating 'enum' in schema:
    {'enum': [422], 'type': 'integer'}

On instance:
    201</status>
</test>
<doc>Test cases for the POST /doctor endpoint</doc>
<status status="FAIL" start="2024-05-16T00:12:50.148266" elapsed="0.062409"/>
</suite>
<status status="FAIL" start="2024-05-16T00:12:49.797512" elapsed="0.413572"/>
</suite>
<statistics>
<total>
<stat pass="16" fail="2" skip="0">All Tests</stat>
</total>
<tag>
<stat pass="1" fail="0" skip="0">get_all_doctors</stat>
<stat pass="1" fail="0" skip="0">get_doctors_by_city</stat>
<stat pass="1" fail="0" skip="0">get_doctors_by_name</stat>
<stat pass="1" fail="0" skip="0">get_doctors_by_name_and_city</stat>
<stat pass="1" fail="0" skip="0">get_doctors_by_specialty</stat>
<stat pass="1" fail="0" skip="0">get_doctors_by_specialty_and_city</stat>
<stat pass="1" fail="0" skip="0">get_doctors_by_specialty_and_name</stat>
<stat pass="1" fail="0" skip="0">get_doctors_by_specialty_name_and_city</stat>
</tag>
<suite>
<stat pass="16" fail="2" skip="0" id="s1" name="Doctor">Doctor</stat>
<stat pass="2" fail="0" skip="0" id="s1-s1" name="Delete Doctor">Doctor.Delete Doctor</stat>
<stat pass="2" fail="0" skip="0" id="s1-s2" name="Get Doctor">Doctor.Get Doctor</stat>
<stat pass="8" fail="0" skip="0" id="s1-s3" name="Get Doctors">Doctor.Get Doctors</stat>
<stat pass="4" fail="2" skip="0" id="s1-s4" name="Post Doctor">Doctor.Post Doctor</stat>
</suite>
</statistics>
<errors>
</errors>
</robot>
