<?xml version="1.0" encoding="UTF-8"?>
<robot generator="Robot 7.0 (Python 3.12.3 on linux)" generated="2024-05-15T19:57:19.586226" rpa="false" schemaversion="5">
<suite id="s1" name="Doctor" source="/home/nano/Documents/u-projects/proyecto-pruebas-sw/tests/backend/doctor">
<suite id="s1-s1" name="Get Doctor" source="/home/nano/Documents/u-projects/proyecto-pruebas-sw/tests/backend/doctor/get_doctor.robot">
<test id="s1-s1-t1" name="test-api-9 Get a existing doctor by id" line="11">
<kw name="Create Session" owner="RequestsLibrary">
<msg time="2024-05-15T19:57:19.652918" level="INFO">Creating Session using : alias=api, url=http://localhost:8000, headers={},                     cookies={}, auth=None, timeout=None, proxies=None, verify=False,                     debug=0 </msg>
<arg>api</arg>
<arg>${api_url}</arg>
<doc>Create Session: create a HTTP session to a server</doc>
<status status="PASS" start="2024-05-15T19:57:19.652747" elapsed="0.000328"/>
</kw>
<kw name="GET On Session" owner="RequestsLibrary">
<msg time="2024-05-15T19:57:19.663030" level="INFO">GET Request : url=http://localhost:8000/doctor/1 
 path_url=/doctor/1 
 headers={'User-Agent': 'python-requests/2.31.0', 'Accept-Encoding': 'gzip, deflate', 'Accept': '*/*', 'Connection': 'keep-alive'} 
 body=None 
 </msg>
<msg time="2024-05-15T19:57:19.663170" level="INFO">GET Response : url=http://localhost:8000/doctor/1 
 status=200, reason=OK 
 headers={'date': 'Wed, 15 May 2024 23:57:18 GMT', 'server': 'uvicorn', 'content-length': '795', 'content-type': 'application/json'} 
 body={"name":"JUAN CARLOS","lastname":"GONZÁLEZ PÉREZ","rut":"11.111.111-1","email":"JUAN.CARLOS@EXAMPLE.COM","phone":"987654321","birthdate":"1975-08-12","city":"VALPARAÍSO","specialties":[{"name":"MEDICINA GENERAL","id":11}],"experiences":[{"job_title":"MÉDICO GENERAL","description":null,"institution":"CONSULTORIO MÉDICO DEL MAR","city":"VALPARAÍSO","country":"CHILE","start_date":"2005-03-01","end_date":"2010-12-31"},{"job_title":"MÉDICO GENERAL","description":null,"institution":"HOSPITAL CARLOS VAN BUREN","city":"VALPARAÍSO","country":"CHILE","start_date":"2011-01-01","end_date":"2015-12-31"}],"educations":[{"degree":"MEDICINA","description":null,"institution":"UNIVERSIDAD DE VALPARAÍSO","city":"VALPARAÍSO","country":"CHILE","start_date":"1995-03-01","end_date":"2001-12-31"}]} 
 </msg>
<msg time="2024-05-15T19:57:19.663327" level="INFO">${response} = &lt;Response [200]&gt;</msg>
<var>${response}</var>
<arg>api</arg>
<arg>/doctor/1</arg>
<doc>Sends a GET request on a previously created HTTP Session.</doc>
<status status="PASS" start="2024-05-15T19:57:19.653228" elapsed="0.010133"/>
</kw>
<kw name="Should Be Equal As Strings" owner="BuiltIn">
<msg time="2024-05-15T19:57:19.664134" level="INFO">Argument types are:
&lt;class 'int'&gt;
&lt;class 'str'&gt;</msg>
<arg>${response.status_code}</arg>
<arg>200</arg>
<doc>Fails if objects are unequal after converting them to strings.</doc>
<status status="PASS" start="2024-05-15T19:57:19.663604" elapsed="0.000575"/>
</kw>
<kw name="Set Variable" owner="BuiltIn">
<msg time="2024-05-15T19:57:19.664752" level="INFO">${response_body} = {'name': 'JUAN CARLOS', 'lastname': 'GONZÁLEZ PÉREZ', 'rut': '11.111.111-1', 'email': 'JUAN.CARLOS@EXAMPLE.COM', 'phone': '987654321', 'birthdate': '1975-08-12', 'city': 'VALPARAÍSO', 'specialties': [...</msg>
<var>${response_body}</var>
<arg>${response.json()}</arg>
<doc>Returns the given values which can then be assigned to a variables.</doc>
<status status="PASS" start="2024-05-15T19:57:19.664341" elapsed="0.000432"/>
</kw>
<kw name="Should Be Equal As Strings" owner="BuiltIn">
<msg time="2024-05-15T19:57:19.665291" level="FAIL">Resolving variable '${response_body.id}' failed: AttributeError: 'dict' object has no attribute 'id'</msg>
<arg>${response_body.id}</arg>
<arg>1</arg>
<doc>Fails if objects are unequal after converting them to strings.</doc>
<status status="FAIL" start="2024-05-15T19:57:19.664896" elapsed="0.000427">Resolving variable '${response_body.id}' failed: AttributeError: 'dict' object has no attribute 'id'</status>
</kw>
<kw name="Should Be Equal As Strings" owner="BuiltIn">
<arg>${response_body.name}</arg>
<arg>"JUAN CARLOS"</arg>
<doc>Fails if objects are unequal after converting them to strings.</doc>
<status status="NOT RUN" start="2024-05-15T19:57:19.665454" elapsed="0.000015"/>
</kw>
<kw name="Should Be Equal As Strings" owner="BuiltIn">
<arg>${response_body.last_name}</arg>
<arg>"GONZÁLEZ PÉREZ"</arg>
<doc>Fails if objects are unequal after converting them to strings.</doc>
<status status="NOT RUN" start="2024-05-15T19:57:19.665558" elapsed="0.000013"/>
</kw>
<status status="FAIL" start="2024-05-15T19:57:19.652187" elapsed="0.013528">Resolving variable '${response_body.id}' failed: AttributeError: 'dict' object has no attribute 'id'</status>
</test>
<status status="FAIL" start="2024-05-15T19:57:19.606625" elapsed="0.059431"/>
</suite>
<suite id="s1-s2" name="Get Doctors" source="/home/nano/Documents/u-projects/proyecto-pruebas-sw/tests/backend/doctor/get_doctors.robot">
<test id="s1-s2-t1" name="test-api-1 Get all doctors" line="11">
<kw name="Create Session" owner="RequestsLibrary">
<msg time="2024-05-15T19:57:19.669137" level="INFO">Creating Session using : alias=medical_directory, url=http://localhost:8000, headers={},                     cookies={}, auth=None, timeout=None, proxies=None, verify=False,                     debug=0 </msg>
<arg>medical_directory</arg>
<arg>${api_url}</arg>
<doc>Create Session: create a HTTP session to a server</doc>
<status status="PASS" start="2024-05-15T19:57:19.669033" elapsed="0.000215"/>
</kw>
<kw name="GET On Session" owner="RequestsLibrary">
<msg time="2024-05-15T19:57:19.676275" level="INFO">GET Request : url=http://localhost:8000/doctor 
 path_url=/doctor 
 headers={'User-Agent': 'python-requests/2.31.0', 'Accept-Encoding': 'gzip, deflate', 'Accept': '*/*', 'Connection': 'keep-alive'} 
 body=None 
 </msg>
<msg time="2024-05-15T19:57:19.676327" level="INFO">GET Response : url=http://localhost:8000/doctor 
 status=200, reason=OK 
 headers={'date': 'Wed, 15 May 2024 23:57:18 GMT', 'server': 'uvicorn', 'content-length': '1194', 'content-type': 'application/json'} 
 body=[{"name":"JUAN CARLOS","lastname":"GONZÁLEZ PÉREZ","rut":"11.111.111-1","email":"JUAN.CARLOS@EXAMPLE.COM","phone":"987654321","birthdate":"1975-08-12","city":"VALPARAÍSO","id":1,"specialties":[{"name":"MEDICINA GENERAL","id":11}]},{"name":"MARÍA ELENA","lastname":"SÁNCHEZ RUIZ","rut":"22.222.222-2","email":"MARIA.ELENA@EXAMPLE.COM","phone":"123456789","birthdate":"1980-05-25","city":"SANTIAGO","id":2,"specialties":[{"name":"CARDIOLOGÍA","id":1},{"name":"OFTALMOLOGÍA","id":5}]},{"name":"CARLOS ANDRÉS","lastname":"MORALES TORO","rut":"33.333.333-3","email":"CARLOS.ANDRES@EXAMPLE.COM","phone":"456789123","birthdate":"1983-12-10","city":"CONCEPCIÓN","id":3,"specialties":[{"name":"GINECOLOGÍA","id":3}]},{"name":"ANA MARÍA","lastname":"ROJAS ARAYA","rut":"44.444.444-4","email":"ANA.MARIA@EXAMPLE.COM","phone":"789123456","birthdate":"1985-04-20","city":"ARICA","id":4,"specialties":[{"name":"TRAUMATOLOGÍA","id":4},{"name":"PSIQUIATRÍA","id":8}]},{"name":"FERNANDO JOSÉ","lastname":"LOZANO PACHECO","rut":"55.555.555-5","email":"FERNANDO.JOSE@EXAMPLE.COM","phone":"654987321","birthdate":"1978-11-15","city":"ANTOFAGASTA","id":5,"specialties":[{"name":"PEDIATRÍA","id":2}]}] 
 </msg>
<msg time="2024-05-15T19:57:19.676422" level="INFO">${response} = &lt;Response [200]&gt;</msg>
<var>${response}</var>
<arg>medical_directory</arg>
<arg>/doctor</arg>
<doc>Sends a GET request on a previously created HTTP Session.</doc>
<status status="PASS" start="2024-05-15T19:57:19.669352" elapsed="0.007090"/>
</kw>
<kw name="Should Be Equal As Strings" owner="BuiltIn">
<msg time="2024-05-15T19:57:19.676963" level="INFO">Argument types are:
&lt;class 'int'&gt;
&lt;class 'str'&gt;</msg>
<arg>${response.status_code}</arg>
<arg>200</arg>
<doc>Fails if objects are unequal after converting them to strings.</doc>
<status status="PASS" start="2024-05-15T19:57:19.676584" elapsed="0.000421"/>
</kw>
<kw name="Should Be True" owner="BuiltIn">
<arg>${response.json()}</arg>
<doc>Fails if the given condition is not true.</doc>
<status status="PASS" start="2024-05-15T19:57:19.677112" elapsed="0.000404"/>
</kw>
<tag>get_all_doctors</tag>
<status status="PASS" start="2024-05-15T19:57:19.668763" elapsed="0.008862"/>
</test>
<test id="s1-s2-t2" name="test-api-2 Get doctors by specialty" line="18">
<kw name="Create Session" owner="RequestsLibrary">
<msg time="2024-05-15T19:57:19.678172" level="INFO">Creating Session using : alias=medical_directory, url=http://localhost:8000, headers={},                     cookies={}, auth=None, timeout=None, proxies=None, verify=False,                     debug=0 </msg>
<arg>medical_directory</arg>
<arg>${api_url}</arg>
<doc>Create Session: create a HTTP session to a server</doc>
<status status="PASS" start="2024-05-15T19:57:19.678073" elapsed="0.000201"/>
</kw>
<kw name="GET On Session" owner="RequestsLibrary">
<msg time="2024-05-15T19:57:19.683399" level="INFO">GET Request : url=http://localhost:8000/doctor?specialty_id=1 
 path_url=/doctor?specialty_id=1 
 headers={'User-Agent': 'python-requests/2.31.0', 'Accept-Encoding': 'gzip, deflate', 'Accept': '*/*', 'Connection': 'keep-alive'} 
 body=None 
 </msg>
<msg time="2024-05-15T19:57:19.683459" level="INFO">GET Response : url=http://localhost:8000/doctor?specialty_id=1 
 status=200, reason=OK 
 headers={'date': 'Wed, 15 May 2024 23:57:18 GMT', 'server': 'uvicorn', 'content-length': '256', 'content-type': 'application/json'} 
 body=[{"name":"MARÍA ELENA","lastname":"SÁNCHEZ RUIZ","rut":"22.222.222-2","email":"MARIA.ELENA@EXAMPLE.COM","phone":"123456789","birthdate":"1980-05-25","city":"SANTIAGO","id":2,"specialties":[{"name":"CARDIOLOGÍA","id":1},{"name":"OFTALMOLOGÍA","id":5}]}] 
 </msg>
<msg time="2024-05-15T19:57:19.683546" level="INFO">${response} = &lt;Response [200]&gt;</msg>
<var>${response}</var>
<arg>medical_directory</arg>
<arg>url=/doctor?specialty_id=1</arg>
<doc>Sends a GET request on a previously created HTTP Session.</doc>
<status status="PASS" start="2024-05-15T19:57:19.678374" elapsed="0.005190"/>
</kw>
<kw name="Should Be Equal As Strings" owner="BuiltIn">
<msg time="2024-05-15T19:57:19.684129" level="INFO">Argument types are:
&lt;class 'int'&gt;
&lt;class 'str'&gt;</msg>
<arg>${response.status_code}</arg>
<arg>200</arg>
<doc>Fails if objects are unequal after converting them to strings.</doc>
<status status="PASS" start="2024-05-15T19:57:19.683731" elapsed="0.000443"/>
</kw>
<kw name="Should Be True" owner="BuiltIn">
<arg>${response.json()}</arg>
<doc>Fails if the given condition is not true.</doc>
<status status="PASS" start="2024-05-15T19:57:19.684317" elapsed="0.000351"/>
</kw>
<tag>get_doctors_by_specialty</tag>
<status status="PASS" start="2024-05-15T19:57:19.677781" elapsed="0.006993"/>
</test>
<test id="s1-s2-t3" name="test-api-3 Get doctors by name" line="25">
<kw name="Create Session" owner="RequestsLibrary">
<msg time="2024-05-15T19:57:19.685287" level="INFO">Creating Session using : alias=medical_directory, url=http://localhost:8000, headers={},                     cookies={}, auth=None, timeout=None, proxies=None, verify=False,                     debug=0 </msg>
<arg>medical_directory</arg>
<arg>${api_url}</arg>
<doc>Create Session: create a HTTP session to a server</doc>
<status status="PASS" start="2024-05-15T19:57:19.685189" elapsed="0.000214"/>
</kw>
<kw name="GET On Session" owner="RequestsLibrary">
<msg time="2024-05-15T19:57:19.690732" level="INFO">GET Request : url=http://localhost:8000/doctor?doctor_name=Juan 
 path_url=/doctor?doctor_name=Juan 
 headers={'User-Agent': 'python-requests/2.31.0', 'Accept-Encoding': 'gzip, deflate', 'Accept': '*/*', 'Connection': 'keep-alive'} 
 body=None 
 </msg>
<msg time="2024-05-15T19:57:19.690803" level="INFO">GET Response : url=http://localhost:8000/doctor?doctor_name=Juan 
 status=200, reason=OK 
 headers={'date': 'Wed, 15 May 2024 23:57:18 GMT', 'server': 'uvicorn', 'content-length': '234', 'content-type': 'application/json'} 
 body=[{"name":"JUAN CARLOS","lastname":"GONZÁLEZ PÉREZ","rut":"11.111.111-1","email":"JUAN.CARLOS@EXAMPLE.COM","phone":"987654321","birthdate":"1975-08-12","city":"VALPARAÍSO","id":1,"specialties":[{"name":"MEDICINA GENERAL","id":11}]}] 
 </msg>
<msg time="2024-05-15T19:57:19.690931" level="INFO">${response} = &lt;Response [200]&gt;</msg>
<var>${response}</var>
<arg>medical_directory</arg>
<arg>url=/doctor?doctor_name=Juan</arg>
<doc>Sends a GET request on a previously created HTTP Session.</doc>
<status status="PASS" start="2024-05-15T19:57:19.685503" elapsed="0.005454"/>
</kw>
<kw name="Should Be Equal As Strings" owner="BuiltIn">
<msg time="2024-05-15T19:57:19.691650" level="INFO">Argument types are:
&lt;class 'int'&gt;
&lt;class 'str'&gt;</msg>
<arg>${response.status_code}</arg>
<arg>200</arg>
<doc>Fails if objects are unequal after converting them to strings.</doc>
<status status="PASS" start="2024-05-15T19:57:19.691178" elapsed="0.000512"/>
</kw>
<kw name="Should Be True" owner="BuiltIn">
<arg>${response.json()}</arg>
<doc>Fails if the given condition is not true.</doc>
<status status="PASS" start="2024-05-15T19:57:19.691791" elapsed="0.000356"/>
</kw>
<tag>get_doctors_by_name</tag>
<status status="PASS" start="2024-05-15T19:57:19.684952" elapsed="0.007308"/>
</test>
<test id="s1-s2-t4" name="test-api-4 Get doctors by city" line="32">
<kw name="Create Session" owner="RequestsLibrary">
<msg time="2024-05-15T19:57:19.692728" level="INFO">Creating Session using : alias=medical_directory, url=http://localhost:8000, headers={},                     cookies={}, auth=None, timeout=None, proxies=None, verify=False,                     debug=0 </msg>
<arg>medical_directory</arg>
<arg>${api_url}</arg>
<doc>Create Session: create a HTTP session to a server</doc>
<status status="PASS" start="2024-05-15T19:57:19.692635" elapsed="0.000409"/>
</kw>
<kw name="GET On Session" owner="RequestsLibrary">
<msg time="2024-05-15T19:57:19.697836" level="INFO">GET Request : url=http://localhost:8000/doctor?doctor_city=valp 
 path_url=/doctor?doctor_city=valp 
 headers={'User-Agent': 'python-requests/2.31.0', 'Accept-Encoding': 'gzip, deflate', 'Accept': '*/*', 'Connection': 'keep-alive'} 
 body=None 
 </msg>
<msg time="2024-05-15T19:57:19.697905" level="INFO">GET Response : url=http://localhost:8000/doctor?doctor_city=valp 
 status=200, reason=OK 
 headers={'date': 'Wed, 15 May 2024 23:57:18 GMT', 'server': 'uvicorn', 'content-length': '234', 'content-type': 'application/json'} 
 body=[{"name":"JUAN CARLOS","lastname":"GONZÁLEZ PÉREZ","rut":"11.111.111-1","email":"JUAN.CARLOS@EXAMPLE.COM","phone":"987654321","birthdate":"1975-08-12","city":"VALPARAÍSO","id":1,"specialties":[{"name":"MEDICINA GENERAL","id":11}]}] 
 </msg>
<msg time="2024-05-15T19:57:19.698001" level="INFO">${response} = &lt;Response [200]&gt;</msg>
<var>${response}</var>
<arg>medical_directory</arg>
<arg>url=/doctor?doctor_city=valp</arg>
<doc>Sends a GET request on a previously created HTTP Session.</doc>
<status status="PASS" start="2024-05-15T19:57:19.693150" elapsed="0.004869"/>
</kw>
<kw name="Should Be Equal As Strings" owner="BuiltIn">
<msg time="2024-05-15T19:57:19.698631" level="INFO">Argument types are:
&lt;class 'int'&gt;
&lt;class 'str'&gt;</msg>
<arg>${response.status_code}</arg>
<arg>200</arg>
<doc>Fails if objects are unequal after converting them to strings.</doc>
<status status="PASS" start="2024-05-15T19:57:19.698182" elapsed="0.000494"/>
</kw>
<kw name="Should Be True" owner="BuiltIn">
<arg>${response.json()}</arg>
<doc>Fails if the given condition is not true.</doc>
<status status="PASS" start="2024-05-15T19:57:19.698783" elapsed="0.000344"/>
</kw>
<tag>get_doctors_by_city</tag>
<status status="PASS" start="2024-05-15T19:57:19.692405" elapsed="0.006832"/>
</test>
<test id="s1-s2-t5" name="test-api-5 Get doctors by specialty and name" line="39">
<kw name="Create Session" owner="RequestsLibrary">
<msg time="2024-05-15T19:57:19.699722" level="INFO">Creating Session using : alias=medical_directory, url=http://localhost:8000, headers={},                     cookies={}, auth=None, timeout=None, proxies=None, verify=False,                     debug=0 </msg>
<arg>medical_directory</arg>
<arg>${api_url}</arg>
<doc>Create Session: create a HTTP session to a server</doc>
<status status="PASS" start="2024-05-15T19:57:19.699626" elapsed="0.000262"/>
</kw>
<kw name="GET On Session" owner="RequestsLibrary">
<msg time="2024-05-15T19:57:19.705420" level="INFO">GET Request : url=http://localhost:8000/doctor?specialty_id=11&amp;doctor_name=Juan 
 path_url=/doctor?specialty_id=11&amp;doctor_name=Juan 
 headers={'User-Agent': 'python-requests/2.31.0', 'Accept-Encoding': 'gzip, deflate', 'Accept': '*/*', 'Connection': 'keep-alive'} 
 body=None 
 </msg>
<msg time="2024-05-15T19:57:19.705532" level="INFO">GET Response : url=http://localhost:8000/doctor?specialty_id=11&amp;doctor_name=Juan 
 status=200, reason=OK 
 headers={'date': 'Wed, 15 May 2024 23:57:18 GMT', 'server': 'uvicorn', 'content-length': '234', 'content-type': 'application/json'} 
 body=[{"name":"JUAN CARLOS","lastname":"GONZÁLEZ PÉREZ","rut":"11.111.111-1","email":"JUAN.CARLOS@EXAMPLE.COM","phone":"987654321","birthdate":"1975-08-12","city":"VALPARAÍSO","id":1,"specialties":[{"name":"MEDICINA GENERAL","id":11}]}] 
 </msg>
<msg time="2024-05-15T19:57:19.705700" level="INFO">${response} = &lt;Response [200]&gt;</msg>
<var>${response}</var>
<arg>medical_directory</arg>
<arg>url=/doctor?specialty_id=11&amp;doctor_name=Juan</arg>
<doc>Sends a GET request on a previously created HTTP Session.</doc>
<status status="PASS" start="2024-05-15T19:57:19.699990" elapsed="0.005749"/>
</kw>
<kw name="Should Be Equal As Strings" owner="BuiltIn">
<msg time="2024-05-15T19:57:19.706494" level="INFO">Argument types are:
&lt;class 'int'&gt;
&lt;class 'str'&gt;</msg>
<arg>${response.status_code}</arg>
<arg>200</arg>
<doc>Fails if objects are unequal after converting them to strings.</doc>
<status status="PASS" start="2024-05-15T19:57:19.706055" elapsed="0.000479"/>
</kw>
<kw name="Should Be True" owner="BuiltIn">
<arg>${response.json()}</arg>
<doc>Fails if the given condition is not true.</doc>
<status status="PASS" start="2024-05-15T19:57:19.706659" elapsed="0.000345"/>
</kw>
<tag>get_doctors_by_specialty_and_name</tag>
<status status="PASS" start="2024-05-15T19:57:19.699386" elapsed="0.007734"/>
</test>
<test id="s1-s2-t6" name="test-api-6 Get doctors by specialty and city" line="46">
<kw name="Create Session" owner="RequestsLibrary">
<msg time="2024-05-15T19:57:19.707655" level="INFO">Creating Session using : alias=medical_directory, url=http://localhost:8000, headers={},                     cookies={}, auth=None, timeout=None, proxies=None, verify=False,                     debug=0 </msg>
<arg>medical_directory</arg>
<arg>${api_url}</arg>
<doc>Create Session: create a HTTP session to a server</doc>
<status status="PASS" start="2024-05-15T19:57:19.707555" elapsed="0.000223"/>
</kw>
<kw name="GET On Session" owner="RequestsLibrary">
<msg time="2024-05-15T19:57:19.712856" level="INFO">GET Request : url=http://localhost:8000/doctor?specialty_id=11&amp;doctor_city=Valp 
 path_url=/doctor?specialty_id=11&amp;doctor_city=Valp 
 headers={'User-Agent': 'python-requests/2.31.0', 'Accept-Encoding': 'gzip, deflate', 'Accept': '*/*', 'Connection': 'keep-alive'} 
 body=None 
 </msg>
<msg time="2024-05-15T19:57:19.712954" level="INFO">GET Response : url=http://localhost:8000/doctor?specialty_id=11&amp;doctor_city=Valp 
 status=200, reason=OK 
 headers={'date': 'Wed, 15 May 2024 23:57:18 GMT', 'server': 'uvicorn', 'content-length': '234', 'content-type': 'application/json'} 
 body=[{"name":"JUAN CARLOS","lastname":"GONZÁLEZ PÉREZ","rut":"11.111.111-1","email":"JUAN.CARLOS@EXAMPLE.COM","phone":"987654321","birthdate":"1975-08-12","city":"VALPARAÍSO","id":1,"specialties":[{"name":"MEDICINA GENERAL","id":11}]}] 
 </msg>
<msg time="2024-05-15T19:57:19.713068" level="INFO">${response} = &lt;Response [200]&gt;</msg>
<var>${response}</var>
<arg>medical_directory</arg>
<arg>url=/doctor?specialty_id=11&amp;doctor_city=Valp</arg>
<doc>Sends a GET request on a previously created HTTP Session.</doc>
<status status="PASS" start="2024-05-15T19:57:19.707895" elapsed="0.005198"/>
</kw>
<kw name="Should Be Equal As Strings" owner="BuiltIn">
<msg time="2024-05-15T19:57:19.713658" level="INFO">Argument types are:
&lt;class 'int'&gt;
&lt;class 'str'&gt;</msg>
<arg>${response.status_code}</arg>
<arg>200</arg>
<doc>Fails if objects are unequal after converting them to strings.</doc>
<status status="PASS" start="2024-05-15T19:57:19.713287" elapsed="0.000416"/>
</kw>
<kw name="Should Be True" owner="BuiltIn">
<arg>${response.json()}</arg>
<doc>Fails if the given condition is not true.</doc>
<status status="PASS" start="2024-05-15T19:57:19.713806" elapsed="0.000337"/>
</kw>
<tag>get_doctors_by_specialty_and_city</tag>
<status status="PASS" start="2024-05-15T19:57:19.707293" elapsed="0.006950"/>
</test>
<test id="s1-s2-t7" name="test-api-7 Get doctors by name and city" line="53">
<kw name="Create Session" owner="RequestsLibrary">
<msg time="2024-05-15T19:57:19.714723" level="INFO">Creating Session using : alias=medical_directory, url=http://localhost:8000, headers={},                     cookies={}, auth=None, timeout=None, proxies=None, verify=False,                     debug=0 </msg>
<arg>medical_directory</arg>
<arg>${api_url}</arg>
<doc>Create Session: create a HTTP session to a server</doc>
<status status="PASS" start="2024-05-15T19:57:19.714629" elapsed="0.000200"/>
</kw>
<kw name="GET On Session" owner="RequestsLibrary">
<msg time="2024-05-15T19:57:19.720043" level="INFO">GET Request : url=http://localhost:8000/doctor?doctor_name=Juan&amp;doctor_city=Valp 
 path_url=/doctor?doctor_name=Juan&amp;doctor_city=Valp 
 headers={'User-Agent': 'python-requests/2.31.0', 'Accept-Encoding': 'gzip, deflate', 'Accept': '*/*', 'Connection': 'keep-alive'} 
 body=None 
 </msg>
<msg time="2024-05-15T19:57:19.720138" level="INFO">GET Response : url=http://localhost:8000/doctor?doctor_name=Juan&amp;doctor_city=Valp 
 status=200, reason=OK 
 headers={'date': 'Wed, 15 May 2024 23:57:18 GMT', 'server': 'uvicorn', 'content-length': '234', 'content-type': 'application/json'} 
 body=[{"name":"JUAN CARLOS","lastname":"GONZÁLEZ PÉREZ","rut":"11.111.111-1","email":"JUAN.CARLOS@EXAMPLE.COM","phone":"987654321","birthdate":"1975-08-12","city":"VALPARAÍSO","id":1,"specialties":[{"name":"MEDICINA GENERAL","id":11}]}] 
 </msg>
<msg time="2024-05-15T19:57:19.720295" level="INFO">${response} = &lt;Response [200]&gt;</msg>
<var>${response}</var>
<arg>medical_directory</arg>
<arg>url=/doctor?doctor_name=Juan&amp;doctor_city=Valp</arg>
<doc>Sends a GET request on a previously created HTTP Session.</doc>
<status status="PASS" start="2024-05-15T19:57:19.714943" elapsed="0.005390"/>
</kw>
<kw name="Should Be Equal As Strings" owner="BuiltIn">
<msg time="2024-05-15T19:57:19.720901" level="INFO">Argument types are:
&lt;class 'int'&gt;
&lt;class 'str'&gt;</msg>
<arg>${response.status_code}</arg>
<arg>200</arg>
<doc>Fails if objects are unequal after converting them to strings.</doc>
<status status="PASS" start="2024-05-15T19:57:19.720544" elapsed="0.000397"/>
</kw>
<kw name="Should Be True" owner="BuiltIn">
<arg>${response.json()}</arg>
<doc>Fails if the given condition is not true.</doc>
<status status="PASS" start="2024-05-15T19:57:19.721042" elapsed="0.000315"/>
</kw>
<tag>get_doctors_by_name_and_city</tag>
<status status="PASS" start="2024-05-15T19:57:19.714388" elapsed="0.007070"/>
</test>
<test id="s1-s2-t8" name="test-api-8 Get doctors by specialty, name and city" line="60">
<kw name="Create Session" owner="RequestsLibrary">
<msg time="2024-05-15T19:57:19.722158" level="INFO">Creating Session using : alias=medical_directory, url=http://localhost:8000, headers={},                     cookies={}, auth=None, timeout=None, proxies=None, verify=False,                     debug=0 </msg>
<arg>medical_directory</arg>
<arg>${api_url}</arg>
<doc>Create Session: create a HTTP session to a server</doc>
<status status="PASS" start="2024-05-15T19:57:19.721849" elapsed="0.000411"/>
</kw>
<kw name="GET On Session" owner="RequestsLibrary">
<msg time="2024-05-15T19:57:19.727644" level="INFO">GET Request : url=http://localhost:8000/doctor?specialty_id=11&amp;doctor_name=Juan&amp;doctor_city=valp 
 path_url=/doctor?specialty_id=11&amp;doctor_name=Juan&amp;doctor_city=valp 
 headers={'User-Agent': 'python-requests/2.31.0', 'Accept-Encoding': 'gzip, deflate', 'Accept': '*/*', 'Connection': 'keep-alive'} 
 body=None 
 </msg>
<msg time="2024-05-15T19:57:19.727738" level="INFO">GET Response : url=http://localhost:8000/doctor?specialty_id=11&amp;doctor_name=Juan&amp;doctor_city=valp 
 status=200, reason=OK 
 headers={'date': 'Wed, 15 May 2024 23:57:18 GMT', 'server': 'uvicorn', 'content-length': '234', 'content-type': 'application/json'} 
 body=[{"name":"JUAN CARLOS","lastname":"GONZÁLEZ PÉREZ","rut":"11.111.111-1","email":"JUAN.CARLOS@EXAMPLE.COM","phone":"987654321","birthdate":"1975-08-12","city":"VALPARAÍSO","id":1,"specialties":[{"name":"MEDICINA GENERAL","id":11}]}] 
 </msg>
<msg time="2024-05-15T19:57:19.727932" level="INFO">${response} = &lt;Response [200]&gt;</msg>
<var>${response}</var>
<arg>medical_directory</arg>
<arg>url=/doctor?specialty_id=11&amp;doctor_name=Juan&amp;doctor_city=valp</arg>
<doc>Sends a GET request on a previously created HTTP Session.</doc>
<status status="PASS" start="2024-05-15T19:57:19.722413" elapsed="0.005557"/>
</kw>
<kw name="Should Be Equal As Strings" owner="BuiltIn">
<msg time="2024-05-15T19:57:19.729019" level="INFO">Argument types are:
&lt;class 'int'&gt;
&lt;class 'str'&gt;</msg>
<arg>${response.status_code}</arg>
<arg>200</arg>
<doc>Fails if objects are unequal after converting them to strings.</doc>
<status status="PASS" start="2024-05-15T19:57:19.728280" elapsed="0.000805"/>
</kw>
<kw name="Should Be True" owner="BuiltIn">
<arg>${response.json()}</arg>
<doc>Fails if the given condition is not true.</doc>
<status status="PASS" start="2024-05-15T19:57:19.729192" elapsed="0.000338"/>
</kw>
<tag>get_doctors_by_specialty_name_and_city</tag>
<status status="PASS" start="2024-05-15T19:57:19.721599" elapsed="0.008036"/>
</test>
<doc>Test cases for the GET /doctor endpoint</doc>
<status status="PASS" start="2024-05-15T19:57:19.666353" elapsed="0.063499"/>
</suite>
<status status="FAIL" start="2024-05-15T19:57:19.587140" elapsed="0.143108"/>
</suite>
<statistics>
<total>
<stat pass="8" fail="1" skip="0">All Tests</stat>
</total>
<tag>
<stat pass="1" fail="0" skip="0">get_all_doctors</stat>
<stat pass="1" fail="0" skip="0">get_doctors_by_city</stat>
<stat pass="1" fail="0" skip="0">get_doctors_by_name</stat>
<stat pass="1" fail="0" skip="0">get_doctors_by_name_and_city</stat>
<stat pass="1" fail="0" skip="0">get_doctors_by_specialty</stat>
<stat pass="1" fail="0" skip="0">get_doctors_by_specialty_and_city</stat>
<stat pass="1" fail="0" skip="0">get_doctors_by_specialty_and_name</stat>
<stat pass="1" fail="0" skip="0">get_doctors_by_specialty_name_and_city</stat>
</tag>
<suite>
<stat pass="8" fail="1" skip="0" id="s1" name="Doctor">Doctor</stat>
<stat pass="0" fail="1" skip="0" id="s1-s1" name="Get Doctor">Doctor.Get Doctor</stat>
<stat pass="8" fail="0" skip="0" id="s1-s2" name="Get Doctors">Doctor.Get Doctors</stat>
</suite>
</statistics>
<errors>
<msg time="2024-05-15T19:57:19.581641" level="ERROR">Error in file '/home/nano/Documents/u-projects/proyecto-pruebas-sw/tests/backend/doctor/get_doctor.robot' on line 4: Non-existing setting 'Documntation'. Did you mean:
    Documentation</msg>
</errors>
</robot>
